<?xml version="1.0" encoding="UTF-8"?>
<coverage generated="1691088887367" clover="3.2.0">
  <project timestamp="1691088887367" name="All files">
    <metrics statements="36" coveredstatements="36" conditionals="7" coveredconditionals="7" methods="2" coveredmethods="2" elements="45" coveredelements="45" complexity="0" loc="36" ncloc="36" packages="1" files="2" classes="2"/>
    <file name="calculateTotalHours.ts" path="/Users/iarlenaquiles/node/jobs/src/utils/calculateTotalHours.ts">
      <metrics statements="5" coveredstatements="5" conditionals="2" coveredconditionals="2" methods="1" coveredmethods="1"/>
      <line num="1" count="1" type="stmt"/>
      <line num="2" count="1" type="stmt"/>
      <line num="3" count="5" type="cond" truecount="1" falsecount="0"/>
      <line num="4" count="5" type="cond" truecount="1" falsecount="0"/>
      <line num="5" count="5" type="stmt"/>
    </file>
    <file name="scheduleJobs.ts" path="/Users/iarlenaquiles/node/jobs/src/utils/scheduleJobs.ts">
      <metrics statements="31" coveredstatements="31" conditionals="5" coveredconditionals="5" methods="1" coveredmethods="1"/>
      <line num="1" count="1" type="stmt"/>
      <line num="2" count="1" type="stmt"/>
      <line num="3" count="1" type="stmt"/>
      <line num="4" count="1" type="cond" truecount="1" falsecount="0"/>
      <line num="5" count="1" type="cond" truecount="1" falsecount="0"/>
      <line num="6" count="12" type="stmt"/>
      <line num="7" count="12" type="stmt"/>
      <line num="8" count="12" type="stmt"/>
      <line num="9" count="1" type="stmt"/>
      <line num="10" count="1" type="stmt"/>
      <line num="11" count="1" type="stmt"/>
      <line num="12" count="1" type="stmt"/>
      <line num="13" count="1" type="stmt"/>
      <line num="14" count="1" type="cond" truecount="1" falsecount="0"/>
      <line num="15" count="6" type="stmt"/>
      <line num="16" count="6" type="stmt"/>
      <line num="17" count="6" type="cond" truecount="1" falsecount="0"/>
      <line num="18" count="2" type="stmt"/>
      <line num="19" count="2" type="stmt"/>
      <line num="20" count="6" type="cond" truecount="1" falsecount="0"/>
      <line num="21" count="4" type="stmt"/>
      <line num="22" count="4" type="stmt"/>
      <line num="23" count="4" type="stmt"/>
      <line num="24" count="6" type="stmt"/>
      <line num="25" count="1" type="stmt"/>
      <line num="26" count="1" type="stmt"/>
      <line num="27" count="1" type="stmt"/>
      <line num="28" count="1" type="stmt"/>
      <line num="29" count="1" type="stmt"/>
      <line num="30" count="1" type="stmt"/>
      <line num="31" count="1" type="stmt"/>
    </file>
  </project>
</coverage>
