TN:
SF:src/utils/calculateTotalHours.ts
FN:3,calculateTotalHours
FNF:1
FNH:1
FNDA:5,calculateTotalHours
DA:1,1
DA:2,1
DA:3,5
DA:4,5
DA:5,5
LF:5
LH:5
BRDA:3,0,0,5
BRDA:4,1,0,6
BRF:2
BRH:2
end_of_record
TN:
SF:src/utils/scheduleJobs.ts
FN:4,scheduleJobs
FNF:1
FNH:1
FNDA:1,scheduleJobs
DA:1,1
DA:2,1
DA:3,1
DA:4,1
DA:5,1
DA:6,12
DA:7,12
DA:8,12
DA:9,1
DA:10,1
DA:11,1
DA:12,1
DA:13,1
DA:14,1
DA:15,6
DA:16,6
DA:17,6
DA:18,2
DA:19,2
DA:20,6
DA:21,4
DA:22,4
DA:23,4
DA:24,6
DA:25,1
DA:26,1
DA:27,1
DA:28,1
DA:29,1
DA:30,1
DA:31,1
LF:31
LH:31
BRDA:4,0,0,1
BRDA:14,1,0,6
BRDA:17,2,0,2
BRDA:20,3,0,4
BRDA:5,4,0,12
BRF:5
BRH:5
end_of_record
